Using pre-set license
Built from '2020.3/staging' branch; Version is '2020.3.20f1 (41c4e627c95f) revision 4310246'; Using compiler version '192528614'; Build Type 'Release'
OS: 'Windows 10 Pro; OS build 19043.1348; Version 2009; 64bit' Language: 'ru' Physical Memory: 16350 MB
BatchMode: 1, IsHumanControllingUs: 0, StartBugReporterOnCrash: 0, Is64bit: 1, IsPro: 0

COMMAND LINE ARGUMENTS:
C:\Program Files\Unity\Hub\Editor\2020.3.20f1\Editor\Unity.exe
-adb2
-batchMode
-noUpm
-name
AssetImportWorker0
-projectPath
C:/Projects/SpaceProjectGB
-logFile
Logs/AssetImportWorker0.log
-srvPort
59536
Successfully changed project path to: C:/Projects/SpaceProjectGB
C:/Projects/SpaceProjectGB
Using Asset Import Pipeline V2.
Refreshing native plugins compatible for Editor in 30.20 ms, found 2 plugins.
Preloading 0 native plugins for Editor in 0.00 ms.
Initialize engine version: 2020.3.20f1 (41c4e627c95f)
[Subsystems] Discovering subsystems at path C:/Program Files/Unity/Hub/Editor/2020.3.20f1/Editor/Data/Resources/UnitySubsystems
[Subsystems] Discovering subsystems at path C:/Projects/SpaceProjectGB/Assets
GfxDevice: creating device client; threaded=0
Direct3D:
    Version:  Direct3D 11.0 [level 11.1]
    Renderer: NVIDIA GeForce GTX 960 (ID=0x1401)
    Vendor:   
    VRAM:     4053 MB
    Driver:   30.0.14.9649
Initialize mono
Mono path[0] = 'C:/Program Files/Unity/Hub/Editor/2020.3.20f1/Editor/Data/Managed'
Mono path[1] = 'C:/Program Files/Unity/Hub/Editor/2020.3.20f1/Editor/Data/MonoBleedingEdge/lib/mono/unityjit'
Mono config path = 'C:/Program Files/Unity/Hub/Editor/2020.3.20f1/Editor/Data/MonoBleedingEdge/etc'
Using monoOptions --debugger-agent=transport=dt_socket,embedding=1,server=y,suspend=n,address=127.0.0.1:56032
Begin MonoManager ReloadAssembly
Registering precompiled unity dll's ...
Register platform support module: C:/Program Files/Unity/Hub/Editor/2020.3.20f1/Editor/Data/PlaybackEngines/WindowsStandaloneSupport/UnityEditor.WindowsStandalone.Extensions.dll
Registered in 0.002291 seconds.
Native extension for WindowsStandalone target not found
Refreshing native plugins compatible for Editor in 28.58 ms, found 2 plugins.
Preloading 0 native plugins for Editor in 0.00 ms.
Mono: successfully reloaded assembly
- Completed reload, in  1.144 seconds
Domain Reload Profiling:
	ReloadAssembly (1144ms)
		BeginReloadAssembly (58ms)
			ExecutionOrderSort (0ms)
			DisableScriptedObjects (0ms)
			BackupInstance (0ms)
			ReleaseScriptingObjects (0ms)
			CreateAndSetChildDomain (1ms)
		EndReloadAssembly (445ms)
			LoadAssemblies (56ms)
			RebuildTransferFunctionScriptingTraits (0ms)
			SetupTypeCache (173ms)
			ReleaseScriptCaches (0ms)
			RebuildScriptCaches (34ms)
			SetupLoadedEditorAssemblies (164ms)
				LogAssemblyErrors (0ms)
				InitializePlatformSupportModulesInManaged (4ms)
				SetLoadedEditorAssemblies (0ms)
				RefreshPlugins (29ms)
				BeforeProcessingInitializeOnLoad (17ms)
				ProcessInitializeOnLoadAttributes (83ms)
				ProcessInitializeOnLoadMethodAttributes (31ms)
				AfterProcessingInitializeOnLoad (0ms)
				EditorAssembliesLoaded (0ms)
			ExecutionOrderSort2 (0ms)
			AwakeInstancesAfterBackupRestoration (0ms)
Platform modules already initialized, skipping
Registering precompiled user dll's ...
Registered in 0.003174 seconds.
Begin MonoManager ReloadAssembly
Native extension for WindowsStandalone target not found
Refreshing native plugins compatible for Editor in 0.36 ms, found 2 plugins.
Preloading 0 native plugins for Editor in 0.00 ms.
Mono: successfully reloaded assembly
- Completed reload, in  1.145 seconds
Domain Reload Profiling:
	ReloadAssembly (1146ms)
		BeginReloadAssembly (156ms)
			ExecutionOrderSort (0ms)
			DisableScriptedObjects (5ms)
			BackupInstance (0ms)
			ReleaseScriptingObjects (0ms)
			CreateAndSetChildDomain (22ms)
		EndReloadAssembly (920ms)
			LoadAssemblies (89ms)
			RebuildTransferFunctionScriptingTraits (0ms)
			SetupTypeCache (308ms)
			ReleaseScriptCaches (0ms)
			RebuildScriptCaches (44ms)
			SetupLoadedEditorAssemblies (371ms)
				LogAssemblyErrors (0ms)
				InitializePlatformSupportModulesInManaged (5ms)
				SetLoadedEditorAssemblies (1ms)
				RefreshPlugins (0ms)
				BeforeProcessingInitializeOnLoad (111ms)
				ProcessInitializeOnLoadAttributes (243ms)
				ProcessInitializeOnLoadMethodAttributes (5ms)
				AfterProcessingInitializeOnLoad (7ms)
				EditorAssembliesLoaded (0ms)
			ExecutionOrderSort2 (0ms)
			AwakeInstancesAfterBackupRestoration (7ms)
Platform modules already initialized, skipping
========================================================================
Worker process is ready to serve import requests
Launched and connected shader compiler UnityShaderCompiler.exe after 0.07 seconds
Refreshing native plugins compatible for Editor in 0.35 ms, found 2 plugins.
Preloading 0 native plugins for Editor in 0.00 ms.
Unloading 1399 Unused Serialized files (Serialized files now loaded: 0)
System memory in use before: 64.8 MB.
System memory in use after: 64.9 MB.

Unloading 16 unused Assets to reduce memory usage. Loaded Objects now: 1834.
Total: 3.205900 ms (FindLiveObjects: 0.166400 ms CreateObjectMapping: 0.088200 ms MarkObjects: 2.880700 ms  DeleteObjects: 0.070000 ms)

AssetImportParameters requested are different than current active one (requested -> active):
  custom:framework-win-MediaFoundation: 216162199b28c13a410421893ffa2e32 -> 
  custom:video-decoder-ogg-theora: a1e56fd34408186e4bbccfd4996cb3dc -> 
  custom:container-muxer-webm: aa71ff27fc2769a1b78a27578f13a17b -> 
  custom:container-demuxer-webm: 4f35f7cbe854078d1ac9338744f61a02 -> 
  custom:container-demuxer-ogg: 62fdf1f143b41e24485cea50d1cbac27 -> 
  custom:video-encoder-webm-vp8: eb34c28f22e8b96e1ab97ce403110664 -> 
  custom:video-decoder-webm-vp8: 9c59270c3fd7afecdb556c50c9e8de78 -> 
  custom:audio-decoder-ogg-vorbis: bf7c407c2cedff20999df2af8eb42d56 -> 
  custom:audio-encoder-webm-vorbis: bf7c407c2cedff20999df2af8eb42d56 -> 
========================================================================
Received Import Request.
  path: Assets/Scenes/SampleScene.unity
  artifactKey: Guid(9fc0d4010bbf28b4594072e72b8655ab) Importer(815301076,1909f56bfc062723c751e8b465ee728b)
Start importing Assets/Scenes/SampleScene.unity using Guid(9fc0d4010bbf28b4594072e72b8655ab) Importer(815301076,1909f56bfc062723c751e8b465ee728b)  -> (artifact id: '85059f4f9e1a832ed95adaa0d25c5c4c') in 0.019050 seconds 
  Import took 0.021578 seconds .

========================================================================
Received Import Request.
  Time since last request: 7.770086 seconds.
  path: Assets/Scenes/MainScene.unity
  artifactKey: Guid(9fc0d4010bbf28b4594072e72b8655ab) Importer(815301076,1909f56bfc062723c751e8b465ee728b)
Start importing Assets/Scenes/MainScene.unity using Guid(9fc0d4010bbf28b4594072e72b8655ab) Importer(815301076,1909f56bfc062723c751e8b465ee728b)  -> (artifact id: 'a3402c4fa176f86fe723d8826f61520e') in 0.011886 seconds 
  Import took 0.014663 seconds .

========================================================================
Received Import Request.
  Time since last request: 1155.871799 seconds.
  path: Assets/Scripts
  artifactKey: Guid(df4a14e7093fe364a80c50c7d62f065a) Importer(815301076,1909f56bfc062723c751e8b465ee728b)
Start importing Assets/Scripts using Guid(df4a14e7093fe364a80c50c7d62f065a) Importer(815301076,1909f56bfc062723c751e8b465ee728b)  -> (artifact id: 'd9e730e9f43319af759bafcd34e10bde') in 0.010319 seconds 
  Import took 0.013619 seconds .

========================================================================
Received Import Request.
  Time since last request: 6.922420 seconds.
  path: Assets/Scripts/Main.cs
  artifactKey: Guid(2ecc034a07d14e1478de3a0c6d8bc85e) Importer(815301076,1909f56bfc062723c751e8b465ee728b)
Start importing Assets/Scripts/Main.cs using Guid(2ecc034a07d14e1478de3a0c6d8bc85e) Importer(815301076,1909f56bfc062723c751e8b465ee728b)  -> (artifact id: '618d50bfeb94a3b8339c5ae1afe3749a') in 0.030964 seconds 
  Import took 0.033432 seconds .

========================================================================
Received Prepare
Registering precompiled user dll's ...
Registered in 0.002777 seconds.
Begin MonoManager ReloadAssembly
Native extension for WindowsStandalone target not found
Refreshing native plugins compatible for Editor in 0.40 ms, found 2 plugins.
Preloading 0 native plugins for Editor in 0.00 ms.
Mono: successfully reloaded assembly
- Completed reload, in  1.157 seconds
Domain Reload Profiling:
	ReloadAssembly (1158ms)
		BeginReloadAssembly (129ms)
			ExecutionOrderSort (0ms)
			DisableScriptedObjects (5ms)
			BackupInstance (0ms)
			ReleaseScriptingObjects (0ms)
			CreateAndSetChildDomain (39ms)
		EndReloadAssembly (955ms)
			LoadAssemblies (93ms)
			RebuildTransferFunctionScriptingTraits (0ms)
			SetupTypeCache (346ms)
			ReleaseScriptCaches (1ms)
			RebuildScriptCaches (64ms)
			SetupLoadedEditorAssemblies (331ms)
				LogAssemblyErrors (0ms)
				InitializePlatformSupportModulesInManaged (5ms)
				SetLoadedEditorAssemblies (0ms)
				RefreshPlugins (0ms)
				BeforeProcessingInitializeOnLoad (83ms)
				ProcessInitializeOnLoadAttributes (229ms)
				ProcessInitializeOnLoadMethodAttributes (5ms)
				AfterProcessingInitializeOnLoad (7ms)
				EditorAssembliesLoaded (0ms)
			ExecutionOrderSort2 (0ms)
			AwakeInstancesAfterBackupRestoration (8ms)
Platform modules already initialized, skipping
Refreshing native plugins compatible for Editor in 0.36 ms, found 2 plugins.
Preloading 0 native plugins for Editor in 0.00 ms.
Unloading 1394 Unused Serialized files (Serialized files now loaded: 0)
System memory in use before: 64.7 MB.
System memory in use after: 64.8 MB.

Unloading 11 unused Assets to reduce memory usage. Loaded Objects now: 1837.
Total: 3.322500 ms (FindLiveObjects: 0.195800 ms CreateObjectMapping: 0.107000 ms MarkObjects: 2.988100 ms  DeleteObjects: 0.030600 ms)

AssetImportParameters requested are different than current active one (requested -> active):
  custom:framework-win-MediaFoundation: 216162199b28c13a410421893ffa2e32 -> 
  custom:video-decoder-ogg-theora: a1e56fd34408186e4bbccfd4996cb3dc -> 
  custom:container-muxer-webm: aa71ff27fc2769a1b78a27578f13a17b -> 
  custom:container-demuxer-webm: 4f35f7cbe854078d1ac9338744f61a02 -> 
  custom:container-demuxer-ogg: 62fdf1f143b41e24485cea50d1cbac27 -> 
  custom:video-encoder-webm-vp8: eb34c28f22e8b96e1ab97ce403110664 -> 
  custom:video-decoder-webm-vp8: 9c59270c3fd7afecdb556c50c9e8de78 -> 
  custom:audio-decoder-ogg-vorbis: bf7c407c2cedff20999df2af8eb42d56 -> 
  custom:audio-encoder-webm-vorbis: bf7c407c2cedff20999df2af8eb42d56 -> 
========================================================================
Received Import Request.
  Time since last request: 344.180534 seconds.
  path: Assets
  artifactKey: Guid(00000000000000001000000000000000) Importer(815301076,1909f56bfc062723c751e8b465ee728b)
Start importing Assets using Guid(00000000000000001000000000000000) Importer(815301076,1909f56bfc062723c751e8b465ee728b)  -> (artifact id: '42d402b061de3733987d63b9cc3b64de') in 0.017048 seconds 
  Import took 0.023128 seconds .

========================================================================
Received Import Request.
  Time since last request: 8.978089 seconds.
  path: Assets/Prefabs
  artifactKey: Guid(540c4cafc392725458441d662695932f) Importer(815301076,1909f56bfc062723c751e8b465ee728b)
Start importing Assets/Prefabs using Guid(540c4cafc392725458441d662695932f) Importer(815301076,1909f56bfc062723c751e8b465ee728b)  -> (artifact id: '85c5b00d0006350e985048b8eb6dbbb9') in 0.010216 seconds 
  Import took 0.013551 seconds .

========================================================================
Received Import Request.
  Time since last request: 3.836240 seconds.
  path: Assets/Materials
  artifactKey: Guid(8d0a80f4796626d43b5fc56090b8aa83) Importer(815301076,1909f56bfc062723c751e8b465ee728b)
Start importing Assets/Materials using Guid(8d0a80f4796626d43b5fc56090b8aa83) Importer(815301076,1909f56bfc062723c751e8b465ee728b)  -> (artifact id: '32e7ed56860f90f3a7e188663c106862') in 0.008399 seconds 
  Import took 0.011540 seconds .

========================================================================
Received Import Request.
  Time since last request: 143.730044 seconds.
  path: Assets/Texture/Skybox/Front_Medium.png
  artifactKey: Guid(0a1850368b4616f4485625507597ef19) Importer(815301076,1909f56bfc062723c751e8b465ee728b)
Start importing Assets/Texture/Skybox/Front_Medium.png using Guid(0a1850368b4616f4485625507597ef19) Importer(815301076,1909f56bfc062723c751e8b465ee728b)  -> (artifact id: '2ca8a2ccd6f0791e96a035fd3e00b4fa') in 0.161094 seconds 
  Import took 0.163849 seconds .

========================================================================
Received Import Request.
  Time since last request: 0.000180 seconds.
  path: Assets/Texture/Skybox/Back_Medium.png
  artifactKey: Guid(ac89aa1df579ada4ba28159ee8bca5b7) Importer(815301076,1909f56bfc062723c751e8b465ee728b)
Start importing Assets/Texture/Skybox/Back_Medium.png using Guid(ac89aa1df579ada4ba28159ee8bca5b7) Importer(815301076,1909f56bfc062723c751e8b465ee728b)  -> (artifact id: '37bbc2e2247291892075b4f3340791a5') in 0.025924 seconds 
  Import took 0.028510 seconds .

========================================================================
Received Import Request.
  Time since last request: 0.000237 seconds.
  path: Assets/Texture/Skybox/Down_Medium.png
  artifactKey: Guid(e6239087ac6767a4181811c70dbf62d6) Importer(815301076,1909f56bfc062723c751e8b465ee728b)
Start importing Assets/Texture/Skybox/Down_Medium.png using Guid(e6239087ac6767a4181811c70dbf62d6) Importer(815301076,1909f56bfc062723c751e8b465ee728b)  -> (artifact id: '175f41c66419869e80770777a78d58c1') in 0.022076 seconds 
  Import took 0.024599 seconds .

========================================================================
Received Import Request.
  Time since last request: 0.000218 seconds.
  path: Assets/Texture/Skybox/Right_Medium.png
  artifactKey: Guid(60208fcc16a2a004a8bb82d1b58bd9b5) Importer(815301076,1909f56bfc062723c751e8b465ee728b)
Start importing Assets/Texture/Skybox/Right_Medium.png using Guid(60208fcc16a2a004a8bb82d1b58bd9b5) Importer(815301076,1909f56bfc062723c751e8b465ee728b)  -> (artifact id: 'ea02a2f702831576a10e9f61b0b17666') in 0.015584 seconds 
  Import took 0.019038 seconds .

========================================================================
Received Import Request.
  Time since last request: 0.000185 seconds.
  path: Assets/Texture/Skybox/Up_Medium.png
  artifactKey: Guid(6fbc111cfcf065641aea692bee74ec23) Importer(815301076,1909f56bfc062723c751e8b465ee728b)
Start importing Assets/Texture/Skybox/Up_Medium.png using Guid(6fbc111cfcf065641aea692bee74ec23) Importer(815301076,1909f56bfc062723c751e8b465ee728b)  -> (artifact id: 'da3c0a2a49488d934ab5b48d1e9967eb') in 0.014068 seconds 
  Import took 0.016633 seconds .

========================================================================
Received Import Request.
  Time since last request: 0.000166 seconds.
  path: Assets/Texture/Skybox/Left_Medium.png
  artifactKey: Guid(2b0d1b37a958d594c927ed0f74c05325) Importer(815301076,1909f56bfc062723c751e8b465ee728b)
Start importing Assets/Texture/Skybox/Left_Medium.png using Guid(2b0d1b37a958d594c927ed0f74c05325) Importer(815301076,1909f56bfc062723c751e8b465ee728b)  -> (artifact id: '32635dd178eb845938b577f66343947c') in 0.015272 seconds 
  Import took 0.017815 seconds .

========================================================================
Received Import Request.
  Time since last request: 88.779292 seconds.
  path: Assets/Texture/Jupiter
  artifactKey: Guid(a77f8d164f40bc94690c566bf3efe282) Importer(815301076,1909f56bfc062723c751e8b465ee728b)
Start importing Assets/Texture/Jupiter using Guid(a77f8d164f40bc94690c566bf3efe282) Importer(815301076,1909f56bfc062723c751e8b465ee728b)  -> (artifact id: '9ad16a37f713af33ec7cf4a5bc1e3cc7') in 0.008254 seconds 
  Import took 0.010862 seconds .

========================================================================
Received Import Request.
  Time since last request: 1.083227 seconds.
  path: Assets/Texture/Jupiter/CloudMap.png
  artifactKey: Guid(0d57897cc0e5ad240a1882df85daaf1e) Importer(815301076,1909f56bfc062723c751e8b465ee728b)
Start importing Assets/Texture/Jupiter/CloudMap.png using Guid(0d57897cc0e5ad240a1882df85daaf1e) Importer(815301076,1909f56bfc062723c751e8b465ee728b)  -> (artifact id: 'a32364e55b4feffdeaec5e99c70a9881') in 0.014116 seconds 
  Import took 0.017228 seconds .

========================================================================
Received Import Request.
  Time since last request: 0.555570 seconds.
  path: Assets/Texture/Jupiter/GroundMap.png
  artifactKey: Guid(86d9f9b2fc3d4734188a9db9b71ea7b6) Importer(815301076,1909f56bfc062723c751e8b465ee728b)
Start importing Assets/Texture/Jupiter/GroundMap.png using Guid(86d9f9b2fc3d4734188a9db9b71ea7b6) Importer(815301076,1909f56bfc062723c751e8b465ee728b)  -> (artifact id: '508122a4b8f5fdceb83953a3898a63e6') in 0.013408 seconds 
  Import took 0.016098 seconds .

AssetImportWorkerClient::OnTransportError - code=2 error=End of file
